<?xml version="1.0" encoding="UTF-8"?>
<robot generator="Robot 5.0.1 (Python 3.10.6 on win32)" generated="20220805 10:19:34.840" rpa="false" schemaversion="3">
<suite id="s1" name="Test" source="C:\Users\User\Documents\00. Cursos\04. Selenium WebDriver com Robot Framework\test.robot">
<test id="s1-t1" name="Deve retornar mensagem de boas vindas" line="6">
<kw name="Welcome" library="app">
<var>${result}</var>
<arg>Thiago Lyon</arg>
<msg timestamp="20220805 10:19:34.862" level="INFO">${result} = Olá Thiago Lyon, bem vindo ao Curso básico de Robot Framwork!</msg>
<status status="PASS" starttime="20220805 10:19:34.862" endtime="20220805 10:19:34.862"/>
</kw>
<kw name="Should Be Equal" library="BuiltIn">
<arg>${result}</arg>
<arg>Olá Thiago Lyon, bem vindo ao Curso básico de Robot Framwork!</arg>
<doc>Fails if the given objects are unequal.</doc>
<status status="PASS" starttime="20220805 10:19:34.862" endtime="20220805 10:19:34.862"/>
</kw>
<status status="PASS" starttime="20220805 10:19:34.862" endtime="20220805 10:19:34.862"/>
</test>
<status status="PASS" starttime="20220805 10:19:34.840" endtime="20220805 10:19:34.862"/>
</suite>
<statistics>
<total>
<stat pass="1" fail="0" skip="0">All Tests</stat>
</total>
<tag>
</tag>
<suite>
<stat pass="1" fail="0" skip="0" id="s1" name="Test">Test</stat>
</suite>
</statistics>
<errors>
</errors>
</robot>
